# JRE version: Java(TM) SE Runtime Environment (8.0_191-b12) (build 1.8.0_191-b12)
# Java VM: Java HotSpot(TM) Client VM (25.191-b12 mixed mode windows-x86 )
Heap:
 def new generation   total 80448K, used 7559K [0x05200000, 0x0a940000, 0x0fca0000)
  eden space 71552K,  10% used [0x05200000, 0x05961df8, 0x097e0000)
  from space 8896K,   0% used [0x0a090000, 0x0a090000, 0x0a940000)
  to   space 8896K,   0% used [0x097e0000, 0x097e0000, 0x0a090000)
 tenured generation   total 178552K, used 105570K [0x0fca0000, 0x1aafe000, 0x25200000)
   the space 178552K,  59% used [0x0fca0000, 0x163b8b30, 0x163b8c00, 0x1aafe000)
 Metaspace       used 25520K, capacity 26033K, committed 26112K, reserved 27008K
GC Heap History (10 events):
Event: 18220.329 GC heap before
{Heap before GC invocations=78 (full 3):
 def new generation   total 80448K, used 72621K [0x05200000, 0x0a940000, 0x0fca0000)
  eden space 71552K, 100% used [0x05200000, 0x097e0000, 0x097e0000)
  from space 8896K,  12% used [0x097e0000, 0x098eb6e0, 0x0a090000)
  to   space 8896K,   0% used [0x0a090000, 0x0a090000, 0x0a940000)
 tenured generation   total 178552K, used 171522K [0x0fca0000, 0x1aafe000, 0x25200000)
   the space 178552K,  96% used [0x0fca0000, 0x1a420bc8, 0x1a420c00, 0x1aafe000)
 Metaspace       used 25572K, capacity 26108K, committed 26112K, reserved 27008K
Event: 18220.332 GC heap after
Heap after GC invocations=79 (full 3):
 def new generation   total 80448K, used 1621K [0x05200000, 0x0a940000, 0x0fca0000)
  eden space 71552K,   0% used [0x05200000, 0x05200000, 0x097e0000)
  from space 8896K,  18% used [0x0a090000, 0x0a225528, 0x0a940000)
  to   space 8896K,   0% used [0x097e0000, 0x097e0000, 0x0a090000)
 tenured generation   total 178552K, used 171584K [0x0fca0000, 0x1aafe000, 0x25200000)
   the space 178552K,  96% used [0x0fca0000, 0x1a430198, 0x1a430200, 0x1aafe000)
 Metaspace       used 25572K, capacity 26108K, committed 26112K, reserved 27008K
}
Event: 18638.163 GC heap before
{Heap before GC invocations=79 (full 3):
 def new generation   total 80448K, used 73173K [0x05200000, 0x0a940000, 0x0fca0000)
  eden space 71552K, 100% used [0x05200000, 0x097e0000, 0x097e0000)
  from space 8896K,  18% used [0x0a090000, 0x0a225528, 0x0a940000)
  to   space 8896K,   0% used [0x097e0000, 0x097e0000, 0x0a090000)
 tenured generation   total 178552K, used 171584K [0x0fca0000, 0x1aafe000, 0x25200000)
   the space 178552K,  96% used [0x0fca0000, 0x1a430198, 0x1a430200, 0x1aafe000)
 Metaspace       used 25572K, capacity 26108K, committed 26112K, reserved 27008K
Event: 18638.165 GC heap after
Heap after GC invocations=80 (full 3):
 def new generation   total 80448K, used 1607K [0x05200000, 0x0a940000, 0x0fca0000)
  eden space 71552K,   0% used [0x05200000, 0x05200000, 0x097e0000)
  from space 8896K,  18% used [0x097e0000, 0x09971f50, 0x0a090000)
  to   space 8896K,   0% used [0x0a090000, 0x0a090000, 0x0a940000)
 tenured generation   total 178552K, used 171598K [0x0fca0000, 0x1aafe000, 0x25200000)
   the space 178552K,  96% used [0x0fca0000, 0x1a433950, 0x1a433a00, 0x1aafe000)
 Metaspace       used 25572K, capacity 26108K, committed 26112K, reserved 27008K
}
Event: 18741.285 GC heap before
{Heap before GC invocations=80 (full 3):
 def new generation   total 80448K, used 73159K [0x05200000, 0x0a940000, 0x0fca0000)
  eden space 71552K, 100% used [0x05200000, 0x097e0000, 0x097e0000)
  from space 8896K,  18% used [0x097e0000, 0x09971f50, 0x0a090000)
  to   space 8896K,   0% used [0x0a090000, 0x0a090000, 0x0a940000)
 tenured generation   total 178552K, used 171598K [0x0fca0000, 0x1aafe000, 0x25200000)
   the space 178552K,  96% used [0x0fca0000, 0x1a433950, 0x1a433a00, 0x1aafe000)
 Metaspace       used 25574K, capacity 26110K, committed 26112K, reserved 27008K
Event: 18741.300 GC heap after
Heap after GC invocations=81 (full 3):
 def new generation   total 80448K, used 5830K [0x05200000, 0x0a940000, 0x0fca0000)
  eden space 71552K,   0% used [0x05200000, 0x05200000, 0x097e0000)
  from space 8896K,  65% used [0x0a090000, 0x0a641b50, 0x0a940000)
  to   space 8896K,   0% used [0x097e0000, 0x097e0000, 0x0a090000)
 tenured generation   total 178552K, used 171604K [0x0fca0000, 0x1aafe000, 0x25200000)
   the space 178552K,  96% used [0x0fca0000, 0x1a435278, 0x1a435400, 0x1aafe000)
 Metaspace       used 25574K, capacity 26110K, committed 26112K, reserved 27008K
}
Event: 18870.123 GC heap before
{Heap before GC invocations=81 (full 3):
 def new generation   total 80448K, used 77280K [0x05200000, 0x0a940000, 0x0fca0000)
  eden space 71552K,  99% used [0x05200000, 0x097c6500, 0x097e0000)
  from space 8896K,  65% used [0x0a090000, 0x0a641b50, 0x0a940000)
  to   space 8896K,   0% used [0x097e0000, 0x097e0000, 0x0a090000)
 tenured generation   total 178552K, used 171604K [0x0fca0000, 0x1aafe000, 0x25200000)
   the space 178552K,  96% used [0x0fca0000, 0x1a435278, 0x1a435400, 0x1aafe000)
 Metaspace       used 25574K, capacity 26110K, committed 26112K, reserved 27008K
Event: 18870.132 GC heap after
Heap after GC invocations=82 (full 3):
 def new generation   total 80448K, used 4237K [0x05200000, 0x0a940000, 0x0fca0000)
  eden space 71552K,   0% used [0x05200000, 0x05200000, 0x097e0000)
  from space 8896K,  47% used [0x097e0000, 0x09c035a8, 0x0a090000)
  to   space 8896K,   0% used [0x0a090000, 0x0a090000, 0x0a940000)
 tenured generation   total 178552K, used 176660K [0x0fca0000, 0x1aafe000, 0x25200000)
   the space 178552K,  98% used [0x0fca0000, 0x1a925038, 0x1a925200, 0x1aafe000)
 Metaspace       used 25574K, capacity 26110K, committed 26112K, reserved 27008K
}
Event: 18871.170 GC heap before
{Heap before GC invocations=82 (full 3):
 def new generation   total 80448K, used 75452K [0x05200000, 0x0a940000, 0x0fca0000)
  eden space 71552K,  99% used [0x05200000, 0x0978bb00, 0x097e0000)
  from space 8896K,  47% used [0x097e0000, 0x09c035a8, 0x0a090000)
  to   space 8896K,   0% used [0x0a090000, 0x0a090000, 0x0a940000)
 tenured generation   total 178552K, used 176660K [0x0fca0000, 0x1aafe000, 0x25200000)
   the space 178552K,  98% used [0x0fca0000, 0x1a925038, 0x1a925200, 0x1aafe000)
 Metaspace       used 25574K, capacity 26110K, committed 26112K, reserved 27008K
Event: 18871.741 GC heap after
Heap after GC invocations=83 (full 4):
 def new generation   total 80448K, used 0K [0x05200000, 0x0a940000, 0x0fca0000)
  eden space 71552K,   0% used [0x05200000, 0x05200000, 0x097e0000)
  from space 8896K,   0% used [0x0a090000, 0x0a090000, 0x0a940000)
  to   space 8896K,   0% used [0x097e0000, 0x097e0000, 0x0a090000)
 tenured generation   total 178552K, used 105570K [0x0fca0000, 0x1aafe000, 0x25200000)
   the space 178552K,  59% used [0x0fca0000, 0x163b8b30, 0x163b8c00, 0x1aafe000)
 Metaspace       used 25520K, capacity 26033K, committed 26112K, reserved 27008K
}

